This is pdfTeX, Version 3.141592653-2.6-1.40.22 (TeX Live 2021) (preloaded format=pdflatex 2021.5.4)  12 JAN 2022 16:05
entering extended mode
 restricted \write18 enabled.
 %&-line parsing enabled.
**termpaper.tex
(./termpaper.tex
LaTeX2e <2020-10-01> patch level 4
L3 programming layer <2021-02-18> (/Users/aniketsingh/Library/TinyTeX/texmf-dis
t/tex/latex/base/article.cls
Document Class: article 2020/04/10 v1.4m Standard LaTeX document class
(/Users/aniketsingh/Library/TinyTeX/texmf-dist/tex/latex/base/size12.clo
File: size12.clo 2020/04/10 v1.4m Standard LaTeX file (size option)
)
\c@part=\count179
\c@section=\count180
\c@subsection=\count181
\c@subsubsection=\count182
\c@paragraph=\count183
\c@subparagraph=\count184
\c@figure=\count185
\c@table=\count186
\abovecaptionskip=\skip47
\belowcaptionskip=\skip48
\bibindent=\dimen138
) (/Users/aniketsingh/Library/TinyTeX/texmf-dist/tex/latex/amsmath/amsmath.sty
Package: amsmath 2020/09/23 v2.17i AMS math features
\@mathmargin=\skip49
For additional information on amsmath, use the `?' option.
(/Users/aniketsingh/Library/TinyTeX/texmf-dist/tex/latex/amsmath/amstext.sty
Package: amstext 2000/06/29 v2.01 AMS text
(/Users/aniketsingh/Library/TinyTeX/texmf-dist/tex/latex/amsmath/amsgen.sty
File: amsgen.sty 1999/11/30 v2.0 generic functions
\@emptytoks=\toks15
\ex@=\dimen139
)) (/Users/aniketsingh/Library/TinyTeX/texmf-dist/tex/latex/amsmath/amsbsy.sty
Package: amsbsy 1999/11/29 v1.2d Bold Symbols
\pmbraise@=\dimen140
) (/Users/aniketsingh/Library/TinyTeX/texmf-dist/tex/latex/amsmath/amsopn.sty
Package: amsopn 2016/03/08 v2.02 operator names
)
\inf@bad=\count187
LaTeX Info: Redefining \frac on input line 234.
\uproot@=\count188
\leftroot@=\count189
LaTeX Info: Redefining \overline on input line 399.
\classnum@=\count190
\DOTSCASE@=\count191
LaTeX Info: Redefining \ldots on input line 496.
LaTeX Info: Redefining \dots on input line 499.
LaTeX Info: Redefining \cdots on input line 620.
\Mathstrutbox@=\box47
\strutbox@=\box48
\big@size=\dimen141
LaTeX Font Info:    Redeclaring font encoding OML on input line 743.
LaTeX Font Info:    Redeclaring font encoding OMS on input line 744.
\macc@depth=\count192
\c@MaxMatrixCols=\count193
\dotsspace@=\muskip16
\c@parentequation=\count194
\dspbrk@lvl=\count195
\tag@help=\toks16
\row@=\count196
\column@=\count197
\maxfields@=\count198
\andhelp@=\toks17
\eqnshift@=\dimen142
\alignsep@=\dimen143
\tagshift@=\dimen144
\tagwidth@=\dimen145
\totwidth@=\dimen146
\lineht@=\dimen147
\@envbody=\toks18
\multlinegap=\skip50
\multlinetaggap=\skip51
\mathdisplay@stack=\toks19
LaTeX Info: Redefining \[ on input line 2923.
LaTeX Info: Redefining \] on input line 2924.
) (/Users/aniketsingh/Library/TinyTeX/texmf-dist/tex/latex/amsfonts/amssymb.sty
Package: amssymb 2013/01/14 v3.01 AMS font symbols
(/Users/aniketsingh/Library/TinyTeX/texmf-dist/tex/latex/amsfonts/amsfonts.sty
Package: amsfonts 2013/01/14 v3.01 Basic AMSFonts support
\symAMSa=\mathgroup4
\symAMSb=\mathgroup5
LaTeX Font Info:    Redeclaring math symbol \hbar on input line 98.
LaTeX Font Info:    Overwriting math alphabet `\mathfrak' in version `bold'
(Font)                  U/euf/m/n --> U/euf/b/n on input line 106.
)) (/Users/aniketsingh/Library/TinyTeX/texmf-dist/tex/latex/lm/lmodern.sty
Package: lmodern 2015/05/01 v1.6.1 Latin Modern Fonts
LaTeX Font Info:    Overwriting symbol font `operators' in version `normal'
(Font)                  OT1/cmr/m/n --> OT1/lmr/m/n on input line 22.
LaTeX Font Info:    Overwriting symbol font `letters' in version `normal'
(Font)                  OML/cmm/m/it --> OML/lmm/m/it on input line 23.
LaTeX Font Info:    Overwriting symbol font `symbols' in version `normal'
(Font)                  OMS/cmsy/m/n --> OMS/lmsy/m/n on input line 24.
LaTeX Font Info:    Overwriting symbol font `largesymbols' in version `normal'
(Font)                  OMX/cmex/m/n --> OMX/lmex/m/n on input line 25.
LaTeX Font Info:    Overwriting symbol font `operators' in version `bold'
(Font)                  OT1/cmr/bx/n --> OT1/lmr/bx/n on input line 26.
LaTeX Font Info:    Overwriting symbol font `letters' in version `bold'
(Font)                  OML/cmm/b/it --> OML/lmm/b/it on input line 27.
LaTeX Font Info:    Overwriting symbol font `symbols' in version `bold'
(Font)                  OMS/cmsy/b/n --> OMS/lmsy/b/n on input line 28.
LaTeX Font Info:    Overwriting symbol font `largesymbols' in version `bold'
(Font)                  OMX/cmex/m/n --> OMX/lmex/m/n on input line 29.
LaTeX Font Info:    Overwriting math alphabet `\mathbf' in version `normal'
(Font)                  OT1/cmr/bx/n --> OT1/lmr/bx/n on input line 31.
LaTeX Font Info:    Overwriting math alphabet `\mathsf' in version `normal'
(Font)                  OT1/cmss/m/n --> OT1/lmss/m/n on input line 32.
LaTeX Font Info:    Overwriting math alphabet `\mathit' in version `normal'
(Font)                  OT1/cmr/m/it --> OT1/lmr/m/it on input line 33.
LaTeX Font Info:    Overwriting math alphabet `\mathtt' in version `normal'
(Font)                  OT1/cmtt/m/n --> OT1/lmtt/m/n on input line 34.
LaTeX Font Info:    Overwriting math alphabet `\mathbf' in version `bold'
(Font)                  OT1/cmr/bx/n --> OT1/lmr/bx/n on input line 35.
LaTeX Font Info:    Overwriting math alphabet `\mathsf' in version `bold'
(Font)                  OT1/cmss/bx/n --> OT1/lmss/bx/n on input line 36.
LaTeX Font Info:    Overwriting math alphabet `\mathit' in version `bold'
(Font)                  OT1/cmr/bx/it --> OT1/lmr/bx/it on input line 37.
LaTeX Font Info:    Overwriting math alphabet `\mathtt' in version `bold'
(Font)                  OT1/cmtt/m/n --> OT1/lmtt/m/n on input line 38.
) (/Users/aniketsingh/Library/TinyTeX/texmf-dist/tex/generic/iftex/ifxetex.sty
Package: ifxetex 2019/10/25 v0.7 ifxetex legacy package. Use iftex instead.
(/Users/aniketsingh/Library/TinyTeX/texmf-dist/tex/generic/iftex/iftex.sty
Package: iftex 2020/03/06 v1.0d TeX engine tests
)) (/Users/aniketsingh/Library/TinyTeX/texmf-dist/tex/generic/iftex/ifluatex.st
y
Package: ifluatex 2019/10/25 v1.5 ifluatex legacy package. Use iftex instead.
) (/Users/aniketsingh/Library/TinyTeX/texmf-dist/tex/latex/base/fontenc.sty
Package: fontenc 2020/08/10 v2.0s Standard LaTeX package
LaTeX Font Info:    Trying to load font information for T1+lmr on input line 11
2.
(/Users/aniketsingh/Library/TinyTeX/texmf-dist/tex/latex/lm/t1lmr.fd
File: t1lmr.fd 2015/05/01 v1.6.1 Font defs for Latin Modern
)) (/Users/aniketsingh/Library/TinyTeX/texmf-dist/tex/latex/base/inputenc.sty
Package: inputenc 2020/08/01 v1.3d Input encoding file
\inpenc@prehook=\toks20
\inpenc@posthook=\toks21
) (/Users/aniketsingh/Library/TinyTeX/texmf-dist/tex/latex/base/textcomp.sty
Package: textcomp 2020/02/02 v2.0n Standard LaTeX package
) (/Users/aniketsingh/Library/TinyTeX/texmf-dist/tex/latex/xcolor/xcolor.sty
Package: xcolor 2016/05/11 v2.12 LaTeX color extensions (UK)

(/Users/aniketsingh/Library/TinyTeX/texmf-dist/tex/latex/graphics-cfg/color.cfg
File: color.cfg 2016/01/02 v1.6 sample color configuration
)
Package xcolor Info: Driver file: pdftex.def on input line 225.

(/Users/aniketsingh/Library/TinyTeX/texmf-dist/tex/latex/graphics-def/pdftex.de
f
File: pdftex.def 2020/10/05 v1.2a Graphics/color driver for pdftex
)
Package xcolor Info: Model `cmy' substituted by `cmy0' on input line 1348.
Package xcolor Info: Model `hsb' substituted by `rgb' on input line 1352.
Package xcolor Info: Model `RGB' extended on input line 1364.
Package xcolor Info: Model `HTML' substituted by `rgb' on input line 1366.
Package xcolor Info: Model `Hsb' substituted by `hsb' on input line 1367.
Package xcolor Info: Model `tHsb' substituted by `hsb' on input line 1368.
Package xcolor Info: Model `HSB' substituted by `hsb' on input line 1369.
Package xcolor Info: Model `Gray' substituted by `gray' on input line 1370.
Package xcolor Info: Model `wave' substituted by `hsb' on input line 1371.
) (/Users/aniketsingh/Library/TinyTeX/texmf-dist/tex/latex/hyperref/hyperref.st
y
Package: hyperref 2021-02-27 v7.00k Hypertext links for LaTeX
(/Users/aniketsingh/Library/TinyTeX/texmf-dist/tex/generic/ltxcmds/ltxcmds.sty
Package: ltxcmds 2020-05-10 v1.25 LaTeX kernel commands for general use (HO)
)
(/Users/aniketsingh/Library/TinyTeX/texmf-dist/tex/generic/pdftexcmds/pdftexcmd
s.sty
Package: pdftexcmds 2020-06-27 v0.33 Utility functions of pdfTeX for LuaTeX (HO
)

(/Users/aniketsingh/Library/TinyTeX/texmf-dist/tex/generic/infwarerr/infwarerr.
sty
Package: infwarerr 2019/12/03 v1.5 Providing info/warning/error messages (HO)
)
Package pdftexcmds Info: \pdf@primitive is available.
Package pdftexcmds Info: \pdf@ifprimitive is available.
Package pdftexcmds Info: \pdfdraftmode found.
) (/Users/aniketsingh/Library/TinyTeX/texmf-dist/tex/latex/graphics/keyval.sty
Package: keyval 2014/10/28 v1.15 key=value parser (DPC)
\KV@toks@=\toks22
)
(/Users/aniketsingh/Library/TinyTeX/texmf-dist/tex/generic/kvsetkeys/kvsetkeys.
sty
Package: kvsetkeys 2019/12/15 v1.18 Key value parser (HO)
)
(/Users/aniketsingh/Library/TinyTeX/texmf-dist/tex/generic/kvdefinekeys/kvdefin
ekeys.sty
Package: kvdefinekeys 2019-12-19 v1.6 Define keys (HO)
)
(/Users/aniketsingh/Library/TinyTeX/texmf-dist/tex/generic/pdfescape/pdfescape.
sty
Package: pdfescape 2019/12/09 v1.15 Implements pdfTeX's escape features (HO)
) (/Users/aniketsingh/Library/TinyTeX/texmf-dist/tex/latex/hycolor/hycolor.sty
Package: hycolor 2020-01-27 v1.10 Color options for hyperref/bookmark (HO)
)
(/Users/aniketsingh/Library/TinyTeX/texmf-dist/tex/latex/letltxmacro/letltxmacr
o.sty
Package: letltxmacro 2019/12/03 v1.6 Let assignment for LaTeX macros (HO)
) (/Users/aniketsingh/Library/TinyTeX/texmf-dist/tex/latex/auxhook/auxhook.sty
Package: auxhook 2019-12-17 v1.6 Hooks for auxiliary files (HO)
)
(/Users/aniketsingh/Library/TinyTeX/texmf-dist/tex/latex/kvoptions/kvoptions.st
y
Package: kvoptions 2020-10-07 v3.14 Key value format for package options (HO)
)
\@linkdim=\dimen148
\Hy@linkcounter=\count199
\Hy@pagecounter=\count266
(/Users/aniketsingh/Library/TinyTeX/texmf-dist/tex/latex/hyperref/pd1enc.def
File: pd1enc.def 2021-02-27 v7.00k Hyperref: PDFDocEncoding definition (HO)
Now handling font encoding PD1 ...
... no UTF-8 mapping file for font encoding PD1
)
(/Users/aniketsingh/Library/TinyTeX/texmf-dist/tex/latex/hyperref/hyperref-lang
patches.def
File: hyperref-langpatches.def 2021-02-27 v7.00k Hyperref: patches for babel la
nguages
) (/Users/aniketsingh/Library/TinyTeX/texmf-dist/tex/generic/intcalc/intcalc.st
y
Package: intcalc 2019/12/15 v1.3 Expandable calculations with integers (HO)
)
(/Users/aniketsingh/Library/TinyTeX/texmf-dist/tex/generic/etexcmds/etexcmds.st
y
Package: etexcmds 2019/12/15 v1.7 Avoid name clashes with e-TeX commands (HO)
)
\Hy@SavedSpaceFactor=\count267
(/Users/aniketsingh/Library/TinyTeX/texmf-dist/tex/latex/hyperref/puenc.def
File: puenc.def 2021-02-27 v7.00k Hyperref: PDF Unicode definition (HO)
Now handling font encoding PU ...
... no UTF-8 mapping file for font encoding PU
)
Package hyperref Info: Option `unicode' set `true' on input line 4073.
Package hyperref Info: Hyper figures OFF on input line 4192.
Package hyperref Info: Link nesting OFF on input line 4197.
Package hyperref Info: Hyper index ON on input line 4200.
Package hyperref Info: Plain pages OFF on input line 4207.
Package hyperref Info: Backreferencing OFF on input line 4212.
Package hyperref Info: Implicit mode ON; LaTeX internals redefined.
Package hyperref Info: Bookmarks ON on input line 4445.
\c@Hy@tempcnt=\count268
(/Users/aniketsingh/Library/TinyTeX/texmf-dist/tex/latex/url/url.sty
\Urlmuskip=\muskip17
Package: url 2013/09/16  ver 3.4  Verb mode for urls, etc.
)
LaTeX Info: Redefining \url on input line 4804.
\XeTeXLinkMargin=\dimen149
(/Users/aniketsingh/Library/TinyTeX/texmf-dist/tex/generic/bitset/bitset.sty
Package: bitset 2019/12/09 v1.3 Handle bit-vector datatype (HO)

(/Users/aniketsingh/Library/TinyTeX/texmf-dist/tex/generic/bigintcalc/bigintcal
c.sty
Package: bigintcalc 2019/12/15 v1.5 Expandable calculations on big integers (HO
)
))
\Fld@menulength=\count269
\Field@Width=\dimen150
\Fld@charsize=\dimen151
Package hyperref Info: Hyper figures OFF on input line 6075.
Package hyperref Info: Link nesting OFF on input line 6080.
Package hyperref Info: Hyper index ON on input line 6083.
Package hyperref Info: backreferencing OFF on input line 6090.
Package hyperref Info: Link coloring OFF on input line 6095.
Package hyperref Info: Link coloring with OCG OFF on input line 6100.
Package hyperref Info: PDF/A mode OFF on input line 6105.
LaTeX Info: Redefining \ref on input line 6145.
LaTeX Info: Redefining \pageref on input line 6149.
(/Users/aniketsingh/Library/TinyTeX/texmf-dist/tex/latex/base/atbegshi-ltx.sty
Package: atbegshi-ltx 2020/08/17 v1.0a Emulation of the original atbegshi packa
ge
with kernel methods
)
\Hy@abspage=\count270
\c@Item=\count271
\c@Hfootnote=\count272
)
Package hyperref Info: Driver (autodetected): hpdftex.
(/Users/aniketsingh/Library/TinyTeX/texmf-dist/tex/latex/hyperref/hpdftex.def
File: hpdftex.def 2021-02-27 v7.00k Hyperref driver for pdfTeX

(/Users/aniketsingh/Library/TinyTeX/texmf-dist/tex/latex/base/atveryend-ltx.sty
Package: atveryend-ltx 2020/08/19 v1.0a Emulation of the original atvery packag
e
with kernel methods
)
\Fld@listcount=\count273
\c@bookmark@seq@number=\count274

(/Users/aniketsingh/Library/TinyTeX/texmf-dist/tex/latex/rerunfilecheck/rerunfi
lecheck.sty
Package: rerunfilecheck 2019/12/05 v1.9 Rerun checks for auxiliary files (HO)

(/Users/aniketsingh/Library/TinyTeX/texmf-dist/tex/generic/uniquecounter/unique
counter.sty
Package: uniquecounter 2019/12/15 v1.4 Provide unlimited unique counter (HO)
)
Package uniquecounter Info: New unique counter `rerunfilecheck' on input line 2
86.
)
\Hy@SectionHShift=\skip52
) (/Users/aniketsingh/Library/TinyTeX/texmf-dist/tex/latex/geometry/geometry.st
y
Package: geometry 2020/01/02 v5.9 Page Geometry
(/Users/aniketsingh/Library/TinyTeX/texmf-dist/tex/generic/iftex/ifvtex.sty
Package: ifvtex 2019/10/25 v1.7 ifvtex legacy package. Use iftex instead.
)
\Gm@cnth=\count275
\Gm@cntv=\count276
\c@Gm@tempcnt=\count277
\Gm@bindingoffset=\dimen152
\Gm@wd@mp=\dimen153
\Gm@odd@mp=\dimen154
\Gm@even@mp=\dimen155
\Gm@layoutwidth=\dimen156
\Gm@layoutheight=\dimen157
\Gm@layouthoffset=\dimen158
\Gm@layoutvoffset=\dimen159
\Gm@dimlist=\toks23
) (/Users/aniketsingh/Library/TinyTeX/texmf-dist/tex/latex/graphics/graphicx.st
y
Package: graphicx 2020/09/09 v1.2b Enhanced LaTeX Graphics (DPC,SPQR)
(/Users/aniketsingh/Library/TinyTeX/texmf-dist/tex/latex/graphics/graphics.sty
Package: graphics 2020/08/30 v1.4c Standard LaTeX Graphics (DPC,SPQR)
(/Users/aniketsingh/Library/TinyTeX/texmf-dist/tex/latex/graphics/trig.sty
Package: trig 2016/01/03 v1.10 sin cos tan (DPC)
)
(/Users/aniketsingh/Library/TinyTeX/texmf-dist/tex/latex/graphics-cfg/graphics.
cfg
File: graphics.cfg 2016/06/04 v1.11 sample graphics configuration
)
Package graphics Info: Driver file: pdftex.def on input line 105.
)
\Gin@req@height=\dimen160
\Gin@req@width=\dimen161
) (/Users/aniketsingh/Library/TinyTeX/texmf-dist/tex/generic/babel/babel.sty
Package: babel 2021/04/26 3.58 The Babel package
(/Users/aniketsingh/Library/TinyTeX/texmf-dist/tex/generic/babel/babel.def
File: babel.def 2021/04/26 3.58 Babel common definitions
\babel@savecnt=\count278
\U@D=\dimen162
\l@unhyphenated=\language3
(/Users/aniketsingh/Library/TinyTeX/texmf-dist/tex/generic/babel/txtbabel.def)
\bbl@readstream=\read2
)
\bbl@dirlevel=\count279

(/Users/aniketsingh/Library/TinyTeX/texmf-dist/tex/generic/babel-english/englis
h.ldf
Language: english 2017/06/06 v3.3r English support from the babel system
Package babel Info: Hyphen rules for 'british' set to \l@english
(babel)             (\language0). Reported on input line 82.
Package babel Info: Hyphen rules for 'UKenglish' set to \l@english
(babel)             (\language0). Reported on input line 83.
Package babel Info: Hyphen rules for 'canadian' set to \l@english
(babel)             (\language0). Reported on input line 102.
Package babel Info: Hyphen rules for 'australian' set to \l@english
(babel)             (\language0). Reported on input line 105.
Package babel Info: Hyphen rules for 'newzealand' set to \l@english
(babel)             (\language0). Reported on input line 108.
))
(/Users/aniketsingh/Library/TinyTeX/texmf-dist/tex/latex/filecontents/fileconte
nts.sty
Package: filecontents 2019/09/20 v1.5 Create an external file from within a LaT
eX document

Package filecontents Warning: This package is obsolete. Disabling it and
(filecontents)                passing control to the filecontents environment
(filecontents)                defined by the LaTeX kernel.

) (/Users/aniketsingh/Library/TinyTeX/texmf-dist/tex/latex/natbib/natbib.sty
Package: natbib 2010/09/13 8.31b (PWD, AO)
\bibhang=\skip53
\bibsep=\skip54
LaTeX Info: Redefining \cite on input line 694.
\c@NAT@ctr=\count280
)
(/Users/aniketsingh/Library/TinyTeX/texmf-dist/tex/latex/tocbibind/tocbibind.st
y
Package: tocbibind 2010/10/13 v1.5k extra ToC listings
Package tocbibind Info: The document has section divisions on input line 50.

Package tocbibind Note: Using section or other style headings.

)
(/Users/aniketsingh/Library/TinyTeX/texmf-dist/tex/latex/l3backend/l3backend-pd
ftex.def
File: l3backend-pdftex.def 2021-03-18 L3 backend support: PDF output (pdfTeX)
\l__color_backend_stack_int=\count281
\l__pdf_internal_box=\box49
) (./termpaper.aux)
\openout1 = `termpaper.aux'.

LaTeX Font Info:    Checking defaults for OML/cmm/m/it on input line 71.
LaTeX Font Info:    ... okay on input line 71.
LaTeX Font Info:    Checking defaults for OMS/cmsy/m/n on input line 71.
LaTeX Font Info:    ... okay on input line 71.
LaTeX Font Info:    Checking defaults for OT1/cmr/m/n on input line 71.
LaTeX Font Info:    ... okay on input line 71.
LaTeX Font Info:    Checking defaults for T1/cmr/m/n on input line 71.
LaTeX Font Info:    ... okay on input line 71.
LaTeX Font Info:    Checking defaults for TS1/cmr/m/n on input line 71.
LaTeX Font Info:    ... okay on input line 71.
LaTeX Font Info:    Checking defaults for OMX/cmex/m/n on input line 71.
LaTeX Font Info:    ... okay on input line 71.
LaTeX Font Info:    Checking defaults for U/cmr/m/n on input line 71.
LaTeX Font Info:    ... okay on input line 71.
LaTeX Font Info:    Checking defaults for PD1/pdf/m/n on input line 71.
LaTeX Font Info:    ... okay on input line 71.
LaTeX Font Info:    Checking defaults for PU/pdf/m/n on input line 71.
LaTeX Font Info:    ... okay on input line 71.

(/Users/aniketsingh/Library/TinyTeX/texmf-dist/tex/latex/epstopdf-pkg/epstopdf-
base.sty
Package: epstopdf-base 2020-01-24 v2.11 Base part for package epstopdf
(/Users/aniketsingh/Library/TinyTeX/texmf-dist/tex/latex/grfext/grfext.sty
Package: grfext 2019/12/03 v1.3 Manage graphics extensions (HO)
)
Package epstopdf-base Info: Redefining graphics rule for `.eps' on input line 4
85.
Package grfext Info: Graphics extension search list:
(grfext)             [.pdf,.png,.jpg,.mps,.jpeg,.jbig2,.jb2,.PDF,.PNG,.JPG,.JPE
G,.JBIG2,.JB2,.eps]
(grfext)             \AppendGraphicsExtensions on input line 504.

(/Users/aniketsingh/Library/TinyTeX/texmf-dist/tex/latex/latexconfig/epstopdf-s
ys.cfg
File: epstopdf-sys.cfg 2010/07/13 v1.3 Configuration of (r)epstopdf for TeX Liv
e
))
Package hyperref Info: Link coloring OFF on input line 71.
(/Users/aniketsingh/Library/TinyTeX/texmf-dist/tex/latex/hyperref/nameref.sty
Package: nameref 2021-04-02 v2.47 Cross-referencing by name of section
(/Users/aniketsingh/Library/TinyTeX/texmf-dist/tex/latex/refcount/refcount.sty
Package: refcount 2019/12/15 v3.6 Data extraction from label references (HO)
)
(/Users/aniketsingh/Library/TinyTeX/texmf-dist/tex/generic/gettitlestring/getti
tlestring.sty
Package: gettitlestring 2019/12/15 v1.6 Cleanup title references (HO)
)
\c@section@level=\count282
)
LaTeX Info: Redefining \ref on input line 71.
LaTeX Info: Redefining \pageref on input line 71.
LaTeX Info: Redefining \nameref on input line 71.
(./termpaper.out) (./termpaper.out)
\@outlinefile=\write3
\openout3 = `termpaper.out'.

*geometry* driver: auto-detecting
*geometry* detected driver: pdftex
*geometry* verbose mode - [ preamble ] result:
* driver: pdftex
* paper: <default>
* layout: <same size as paper>
* layoutoffset:(h,v)=(0.0pt,0.0pt)
* modes: 
* h-part:(L,W,R)=(72.26999pt, 469.75502pt, 72.26999pt)
* v-part:(T,H,B)=(72.26999pt, 650.43001pt, 72.26999pt)
* \paperwidth=614.295pt
* \paperheight=794.96999pt
* \textwidth=469.75502pt
* \textheight=650.43001pt
* \oddsidemargin=0.0pt
* \evensidemargin=0.0pt
* \topmargin=-37.0pt
* \headheight=12.0pt
* \headsep=25.0pt
* \topskip=12.0pt
* \footskip=30.0pt
* \marginparwidth=44.0pt
* \marginparsep=10.0pt
* \columnsep=10.0pt
* \skip\footins=10.8pt plus 4.0pt minus 2.0pt
* \hoffset=0.0pt
* \voffset=0.0pt
* \mag=1000
* \@twocolumnfalse
* \@twosidefalse
* \@mparswitchfalse
* \@reversemarginfalse
* (1in=72.27pt=25.4mm, 1cm=28.453pt)

LaTeX Font Info:    Trying to load font information for OT1+lmr on input line 7
3.
(/Users/aniketsingh/Library/TinyTeX/texmf-dist/tex/latex/lm/ot1lmr.fd
File: ot1lmr.fd 2015/05/01 v1.6.1 Font defs for Latin Modern
)
LaTeX Font Info:    Trying to load font information for OML+lmm on input line 7
3.
(/Users/aniketsingh/Library/TinyTeX/texmf-dist/tex/latex/lm/omllmm.fd
File: omllmm.fd 2015/05/01 v1.6.1 Font defs for Latin Modern
)
LaTeX Font Info:    Trying to load font information for OMS+lmsy on input line 
73.
(/Users/aniketsingh/Library/TinyTeX/texmf-dist/tex/latex/lm/omslmsy.fd
File: omslmsy.fd 2015/05/01 v1.6.1 Font defs for Latin Modern
)
LaTeX Font Info:    Trying to load font information for OMX+lmex on input line 
73.
(/Users/aniketsingh/Library/TinyTeX/texmf-dist/tex/latex/lm/omxlmex.fd
File: omxlmex.fd 2015/05/01 v1.6.1 Font defs for Latin Modern
)
LaTeX Font Info:    External font `lmex10' loaded for size
(Font)              <14.4> on input line 73.
LaTeX Font Info:    External font `lmex10' loaded for size
(Font)              <10> on input line 73.
LaTeX Font Info:    External font `lmex10' loaded for size
(Font)              <7> on input line 73.
LaTeX Font Info:    Trying to load font information for U+msa on input line 73.

(/Users/aniketsingh/Library/TinyTeX/texmf-dist/tex/latex/amsfonts/umsa.fd
File: umsa.fd 2013/01/14 v3.01 AMS symbols A
)
LaTeX Font Info:    Trying to load font information for U+msb on input line 73.

(/Users/aniketsingh/Library/TinyTeX/texmf-dist/tex/latex/amsfonts/umsb.fd
File: umsb.fd 2013/01/14 v3.01 AMS symbols B
) (./termpaper.toc
LaTeX Font Info:    External font `lmex10' loaded for size
(Font)              <12> on input line 4.
LaTeX Font Info:    External font `lmex10' loaded for size
(Font)              <8> on input line 4.
LaTeX Font Info:    External font `lmex10' loaded for size
(Font)              <6> on input line 4.
)
\tf@toc=\write4
\openout4 = `termpaper.toc'.

[1

{/Users/aniketsingh/Library/TinyTeX/texmf-var/fonts/map/pdftex/updmap/pdftex.ma
p}] [2]
Underfull \hbox (badness 10000) in paragraph at lines 125--143

 []


Underfull \hbox (badness 10000) in paragraph at lines 146--158

 []

<~/AirBnbSeniorProject/images/variableBest.png, id=119, 651.43375pt x 402.50375
pt>
File: ~/AirBnbSeniorProject/images/variableBest.png Graphic file (type png)
<use ~/AirBnbSeniorProject/images/variableBest.png>
Package pdftex.def Info: ~/AirBnbSeniorProject/images/variableBest.png  used on
 input line 161.
(pdftex.def)             Requested size: 375.814pt x 232.20557pt.
<~/AirBnbSeniorProject/images/plotAIC.png, id=121, 1045.9075pt x 525.965pt>
File: ~/AirBnbSeniorProject/images/plotAIC.png Graphic file (type png)
<use ~/AirBnbSeniorProject/images/plotAIC.png>
Package pdftex.def Info: ~/AirBnbSeniorProject/images/plotAIC.png  used on inpu
t line 163.
(pdftex.def)             Requested size: 375.80824pt x 188.9861pt.
[3] [4 </Users/aniketsingh/AirBnbSeniorProject/images/variableBest.png> </Users
/aniketsingh/AirBnbSeniorProject/images/plotAIC.png>]
Underfull \hbox (badness 10000) in paragraph at lines 172--181

 []

<~/AirBnbSeniorProject/images/linear.png, id=135, 1204.5pt x 796.9775pt>
File: ~/AirBnbSeniorProject/images/linear.png Graphic file (type png)
<use ~/AirBnbSeniorProject/images/linear.png>
Package pdftex.def Info: ~/AirBnbSeniorProject/images/linear.png  used on input
 line 184.
(pdftex.def)             Requested size: 328.82167pt x 217.57033pt.
[5 </Users/aniketsingh/AirBnbSeniorProject/images/linear.png>]
<~/AirBnbSeniorProject/images/ridge.jpeg, id=149, 1115.16624pt x 466.74374pt>
File: ~/AirBnbSeniorProject/images/ridge.jpeg Graphic file (type jpg)
<use ~/AirBnbSeniorProject/images/ridge.jpeg>
Package pdftex.def Info: ~/AirBnbSeniorProject/images/ridge.jpeg  used on input
 line 201.
(pdftex.def)             Requested size: 328.81805pt x 137.6241pt.
<~/AirBnbSeniorProject/images/tree.png, id=152, 462.528pt x 346.896pt>
File: ~/AirBnbSeniorProject/images/tree.png Graphic file (type png)
<use ~/AirBnbSeniorProject/images/tree.png>
Package pdftex.def Info: ~/AirBnbSeniorProject/images/tree.png  used on input l
ine 216.
(pdftex.def)             Requested size: 328.8418pt x 246.63135pt.
[6 </Users/aniketsingh/AirBnbSeniorProject/images/ridge.jpeg> </Users/aniketsin
gh/AirBnbSeniorProject/images/tree.png (PNG copy)>]
<~/AirBnbSeniorProject/images/random.png, id=164, 1310.8975pt x 872.25874pt>
File: ~/AirBnbSeniorProject/images/random.png Graphic file (type png)
<use ~/AirBnbSeniorProject/images/random.png>
Package pdftex.def Info: ~/AirBnbSeniorProject/images/random.png  used on input
 line 232.
(pdftex.def)             Requested size: 422.77621pt x 281.31126pt.
<~/AirBnbSeniorProject/images/corr.png, id=167, 1056.94875pt x 698.61pt>
File: ~/AirBnbSeniorProject/images/corr.png Graphic file (type png)
<use ~/AirBnbSeniorProject/images/corr.png>
Package pdftex.def Info: ~/AirBnbSeniorProject/images/corr.png  used on input l
ine 251.
(pdftex.def)             Requested size: 328.82805pt x 217.34503pt.
[7 </Users/aniketsingh/AirBnbSeniorProject/images/random.png (PNG copy)>]
<~/AirBnbSeniorProject/images/outPrice.png, id=178, 556.0775pt x 356.33125pt>
File: ~/AirBnbSeniorProject/images/outPrice.png Graphic file (type png)
<use ~/AirBnbSeniorProject/images/outPrice.png>
Package pdftex.def Info: ~/AirBnbSeniorProject/images/outPrice.png  used on inp
ut line 271.
(pdftex.def)             Requested size: 187.9014pt x 120.40613pt.
<~/AirBnbSeniorProject/images/Price.png, id=179, 564.1075pt x 346.29375pt>
File: ~/AirBnbSeniorProject/images/Price.png Graphic file (type png)
<use ~/AirBnbSeniorProject/images/Price.png>
Package pdftex.def Info: ~/AirBnbSeniorProject/images/Price.png  used on input 
line 280.
(pdftex.def)             Requested size: 234.87492pt x 144.18478pt.
[8 </Users/aniketsingh/AirBnbSeniorProject/images/corr.png> </Users/aniketsingh
/AirBnbSeniorProject/images/outPrice.png>]
<~/AirBnbSeniorProject/images/nhgPrice.png, id=189, 556.0775pt x 369.38pt>
File: ~/AirBnbSeniorProject/images/nhgPrice.png Graphic file (type png)
<use ~/AirBnbSeniorProject/images/nhgPrice.png>
Package pdftex.def Info: ~/AirBnbSeniorProject/images/nhgPrice.png  used on inp
ut line 292.
(pdftex.def)             Requested size: 281.85634pt x 187.22586pt.

Underfull \hbox (badness 10000) in paragraph at lines 296--301

 []

[9 </Users/aniketsingh/AirBnbSeniorProject/images/Price.png> </Users/aniketsing
h/AirBnbSeniorProject/images/nhgPrice.png>]
Underfull \hbox (badness 10000) in paragraph at lines 304--308

 []

<~/AirBnbSeniorProject/images/rmtype.png, id=198, 542.025pt x 371.3875pt>
File: ~/AirBnbSeniorProject/images/rmtype.png Graphic file (type png)
<use ~/AirBnbSeniorProject/images/rmtype.png>
Package pdftex.def Info: ~/AirBnbSeniorProject/images/rmtype.png  used on input
 line 311.
(pdftex.def)             Requested size: 281.86288pt x 193.12827pt.

Underfull \hbox (badness 10000) in paragraph at lines 330--349

 []


Underfull \hbox (badness 10000) in paragraph at lines 330--349

 []

[10 </Users/aniketsingh/AirBnbSeniorProject/images/rmtype.png>]
<~/AirBnbSeniorProject/images/cross.png, id=208, 552.1428pt x 331.9602pt>
File: ~/AirBnbSeniorProject/images/cross.png Graphic file (type png)
<use ~/AirBnbSeniorProject/images/cross.png>
Package pdftex.def Info: ~/AirBnbSeniorProject/images/cross.png  used on input 
line 352.
(pdftex.def)             Requested size: 328.83656pt x 197.70364pt.
[11 </Users/aniketsingh/AirBnbSeniorProject/images/cross.png>]
<~/AirBnbSeniorProject/images/bootstrap.png, id=218, 853.1875pt x 512.91624pt>
File: ~/AirBnbSeniorProject/images/bootstrap.png Graphic file (type png)
<use ~/AirBnbSeniorProject/images/bootstrap.png>
Package pdftex.def Info: ~/AirBnbSeniorProject/images/bootstrap.png  used on in
put line 368.
(pdftex.def)             Requested size: 328.83621pt x 197.68858pt.

Underfull \hbox (badness 10000) in paragraph at lines 374--394

 []


Underfull \hbox (badness 10000) in paragraph at lines 374--394

 []


Underfull \hbox (badness 10000) in paragraph at lines 374--394

 []

[12 </Users/aniketsingh/AirBnbSeniorProject/images/bootstrap.png (PNG copy)>]
<~/AirBnbSeniorProject/images/rmse.png, id=227, 594.22pt x 509.905pt>
File: ~/AirBnbSeniorProject/images/rmse.png Graphic file (type png)
<use ~/AirBnbSeniorProject/images/rmse.png>
Package pdftex.def Info: ~/AirBnbSeniorProject/images/rmse.png  used on input l
ine 397.
(pdftex.def)             Requested size: 328.84396pt x 282.18367pt.
<~/AirBnbSeniorProject/images/tuned.png, id=229, 809.0225pt x 559.08875pt>
File: ~/AirBnbSeniorProject/images/tuned.png Graphic file (type png)
<use ~/AirBnbSeniorProject/images/tuned.png>
Package pdftex.def Info: ~/AirBnbSeniorProject/images/tuned.png  used on input 
line 411.
(pdftex.def)             Requested size: 281.85358pt x 194.7797pt.
[13 </Users/aniketsingh/AirBnbSeniorProject/images/rmse.png>]
Underfull \hbox (badness 10000) in paragraph at lines 418--433

 []


Underfull \hbox (badness 10000) in paragraph at lines 418--433

 []

[14 </Users/aniketsingh/AirBnbSeniorProject/images/tuned.png>] (./termpaper.bbl
) [15

] (./termpaper.aux)
Package rerunfilecheck Info: File `termpaper.out' has not changed.
(rerunfilecheck)             Checksum: F464FD772D09AB7E63D323DAE0BB1319;2992.
 ) 
Here is how much of TeX's memory you used:
 11275 strings out of 480954
 165775 string characters out of 5906192
 478137 words of memory out of 5000000
 28225 multiletter control sequences out of 15000+600000
 453321 words of font info for 67 fonts, out of 8000000 for 9000
 14 hyphenation exceptions out of 8191
 71i,6n,74p,319b,346s stack positions out of 5000i,500n,10000p,200000b,80000s
{/Users/aniketsingh/Library/TinyTeX/texmf-dist/fonts/enc/dvips/lm/lm-ec.enc}{
/Users/aniketsingh/Library/TinyTeX/texmf-dist/fonts/enc/dvips/lm/lm-mathit.enc}
</Users/aniketsingh/Library/TinyTeX/texmf-dist/fonts/type1/public/lm/lmbx12.pfb
></Users/aniketsingh/Library/TinyTeX/texmf-dist/fonts/type1/public/lm/lmmi12.pf
b></Users/aniketsingh/Library/TinyTeX/texmf-dist/fonts/type1/public/lm/lmmi8.pf
b></Users/aniketsingh/Library/TinyTeX/texmf-dist/fonts/type1/public/lm/lmr12.pf
b></Users/aniketsingh/Library/TinyTeX/texmf-dist/fonts/type1/public/lm/lmr17.pf
b></Users/aniketsingh/Library/TinyTeX/texmf-dist/fonts/type1/public/lm/lmri12.p
fb>
Output written on termpaper.pdf (15 pages, 921239 bytes).
PDF statistics:
 290 PDF objects out of 1000 (max. 8388607)
 238 compressed objects within 3 object streams
 67 named destinations out of 1000 (max. 500000)
 236 words of extra memory for PDF output out of 10000 (max. 10000000)

